<?xml version="1.0" encoding="UTF-8"?>
<!-- Generated by org.testng.reporters.JUnitXMLReporter -->
<testsuite ignored="0" hostname="GURUKIRAN" failures="1" tests="1" name="Cucumber Tests" time="25.998" errors="0" timestamp="2026-02-18T18:05:15 IST">
  <testcase classname="io.cucumber.testng.AbstractTestNGCucumberTests" name="runScenario" time="24.446">
    <failure type="java.lang.NullPointerException" message="Cannot invoke &amp;quot;String.trim()&amp;quot; because &amp;quot;this.buyerName&amp;quot; is null">
      <![CDATA[java.lang.NullPointerException: Cannot invoke "String.trim()" because "this.buyerName" is null
at StepDefinition.EventDetailsRFQ.the_unmasking_owner_should_be_displayed_in_the_input_field(EventDetailsRFQ.java:122)
at ✽.the unmasking owner should be displayed in the input field(classpath:Features/EventDetails.feature:32)
]]>
    </failure>
  </testcase> <!-- runScenario -->
</testsuite> <!-- Cucumber Tests -->
